Using pre-set license
Built from '2021.3/staging' branch; Version is '2021.3.9f1 (ad3870b89536) revision 11352176'; Using compiler version '192829333'; Build Type 'Release'
OS: 'Windows 11  (10.0.22000) 64bit Professional' Language: 'ru' Physical Memory: 14188 MB
BatchMode: 1, IsHumanControllingUs: 0, StartBugReporterOnCrash: 0, Is64bit: 1, IsPro: 1

COMMAND LINE ARGUMENTS:
D:\Program Files\Editor\2021.3.9f1\Editor\Unity.exe
-adb2
-batchMode
-noUpm
-name
AssetImportWorker0
-projectPath
D:/Users/zer0deck/Documents/Work/Unity/BalderDash_Unity
-logFile
Logs/AssetImportWorker0.log
-srvPort
53030
Successfully changed project path to: D:/Users/zer0deck/Documents/Work/Unity/BalderDash_Unity
D:/Users/zer0deck/Documents/Work/Unity/BalderDash_Unity
[UnityMemory] Configuration Parameters - Can be set up in boot.config
    "memorysetup-bucket-allocator-granularity=16"
    "memorysetup-bucket-allocator-bucket-count=8"
    "memorysetup-bucket-allocator-block-size=33554432"
    "memorysetup-bucket-allocator-block-count=8"
    "memorysetup-main-allocator-block-size=16777216"
    "memorysetup-thread-allocator-block-size=16777216"
    "memorysetup-gfx-main-allocator-block-size=16777216"
    "memorysetup-gfx-thread-allocator-block-size=16777216"
    "memorysetup-cache-allocator-block-size=4194304"
    "memorysetup-typetree-allocator-block-size=2097152"
    "memorysetup-profiler-bucket-allocator-granularity=16"
    "memorysetup-profiler-bucket-allocator-bucket-count=8"
    "memorysetup-profiler-bucket-allocator-block-size=33554432"
    "memorysetup-profiler-bucket-allocator-block-count=8"
    "memorysetup-profiler-allocator-block-size=16777216"
    "memorysetup-profiler-editor-allocator-block-size=1048576"
    "memorysetup-temp-allocator-size-main=16777216"
    "memorysetup-job-temp-allocator-block-size=2097152"
    "memorysetup-job-temp-allocator-block-size-background=1048576"
    "memorysetup-job-temp-allocator-reduction-small-platforms=262144"
    "memorysetup-temp-allocator-size-background-worker=32768"
    "memorysetup-temp-allocator-size-job-worker=262144"
    "memorysetup-temp-allocator-size-preload-manager=33554432"
    "memorysetup-temp-allocator-size-nav-mesh-worker=65536"
    "memorysetup-temp-allocator-size-audio-worker=65536"
    "memorysetup-temp-allocator-size-cloud-worker=32768"
    "memorysetup-temp-allocator-size-gi-baking-worker=262144"
    "memorysetup-temp-allocator-size-gfx=262144"
Refreshing native plugins compatible for Editor in 101.10 ms, found 4 plugins.
Preloading 0 native plugins for Editor in 0.00 ms.
Initialize engine version: 2021.3.9f1 (ad3870b89536)
[Subsystems] Discovering subsystems at path D:/Program Files/Editor/2021.3.9f1/Editor/Data/Resources/UnitySubsystems
[Subsystems] Discovering subsystems at path D:/Users/zer0deck/Documents/Work/Unity/BalderDash_Unity/Assets
GfxDevice: creating device client; threaded=0; jobified=0
Direct3D:
    Version:  Direct3D 11.0 [level 11.1]
    Renderer: NVIDIA GeForce RTX 3070 Laptop GPU (ID=0x24dd)
    Vendor:   NVIDIA
    VRAM:     8044 MB
    Driver:   31.0.15.1659
Initialize mono
Mono path[0] = 'D:/Program Files/Editor/2021.3.9f1/Editor/Data/Managed'
Mono path[1] = 'D:/Program Files/Editor/2021.3.9f1/Editor/Data/MonoBleedingEdge/lib/mono/unityjit-win32'
Mono config path = 'D:/Program Files/Editor/2021.3.9f1/Editor/Data/MonoBleedingEdge/etc'
Using monoOptions --debugger-agent=transport=dt_socket,embedding=1,server=y,suspend=n,address=127.0.0.1:56124
Begin MonoManager ReloadAssembly
Registering precompiled unity dll's ...
Register platform support module: D:/Program Files/Editor/2021.3.9f1/Editor/Data/PlaybackEngines/WebGLSupport/UnityEditor.WebGL.Extensions.dll
Register platform support module: D:/Program Files/Editor/2021.3.9f1/Editor/Data/PlaybackEngines/AndroidPlayer/UnityEditor.Android.Extensions.dll
Register platform support module: D:/Program Files/Editor/2021.3.9f1/Editor/Data/PlaybackEngines/iOSSupport/UnityEditor.iOS.Extensions.dll
Register platform support module: D:/Program Files/Editor/2021.3.9f1/Editor/Data/PlaybackEngines/AppleTVSupport/UnityEditor.AppleTV.Extensions.dll
Register platform support module: D:/Program Files/Editor/2021.3.9f1/Editor/Data/PlaybackEngines/WindowsStandaloneSupport/UnityEditor.WindowsStandalone.Extensions.dll
Registered in 0.002033 seconds.
Native extension for WindowsStandalone target not found
[usbmuxd] Start listen thread
[usbmuxd] Listen thread started
Native extension for AppleTV target not found
[usbmuxd] Send listen message
[usbmuxd] Attached: 10 00008101-0005304E1061401E
[usbmuxd] Start listen thread
[usbmuxd] Listen thread started
Native extension for iOS target not found
[usbmuxd] Send listen message
[usbmuxd] Attached: 10 00008101-0005304E1061401E
Native extension for Android target not found
Native extension for WebGL target not found
Refreshing native plugins compatible for Editor in 97.41 ms, found 4 plugins.
Preloading 0 native plugins for Editor in 0.00 ms.
Mono: successfully reloaded assembly
- Completed reload, in  0.553 seconds
Domain Reload Profiling:
	ReloadAssembly (553ms)
		BeginReloadAssembly (52ms)
			ExecutionOrderSort (0ms)
			DisableScriptedObjects (0ms)
			BackupInstance (0ms)
			ReleaseScriptingObjects (0ms)
			CreateAndSetChildDomain (1ms)
		EndReloadAssembly (418ms)
			LoadAssemblies (52ms)
			RebuildTransferFunctionScriptingTraits (0ms)
			SetupTypeCache (86ms)
			ReleaseScriptCaches (0ms)
			RebuildScriptCaches (24ms)
			SetupLoadedEditorAssemblies (268ms)
				LogAssemblyErrors (0ms)
				InitializePlatformSupportModulesInManaged (51ms)
				SetLoadedEditorAssemblies (0ms)
				RefreshPlugins (97ms)
				BeforeProcessingInitializeOnLoad (1ms)
				ProcessInitializeOnLoadAttributes (80ms)
				ProcessInitializeOnLoadMethodAttributes (39ms)
				AfterProcessingInitializeOnLoad (0ms)
				EditorAssembliesLoaded (0ms)
			ExecutionOrderSort2 (0ms)
			AwakeInstancesAfterBackupRestoration (0ms)
Platform modules already initialized, skipping
Registering precompiled user dll's ...
Registered in 0.002767 seconds.
Begin MonoManager ReloadAssembly
Symbol file LoadedFromMemory doesn't match image D:\Users\zer0deck\Documents\Work\Unity\BalderDash_Unity\Library\PackageCache\com.unity.visualscripting@1.7.8\Editor\VisualScripting.Core\Dependencies\YamlDotNet\Unity.VisualScripting.YamlDotNet.dll
Symbol file LoadedFromMemory doesn't match image D:\Users\zer0deck\Documents\Work\Unity\BalderDash_Unity\Library\PackageCache\com.unity.visualscripting@1.7.8\Editor\VisualScripting.Core\Dependencies\DotNetZip\Unity.VisualScripting.IonicZip.dll
Native extension for WindowsStandalone target not found
Native extension for AppleTV target not found
Native extension for iOS target not found
Native extension for Android target not found
Native extension for WebGL target not found
Refreshing native plugins compatible for Editor in 96.55 ms, found 4 plugins.
Preloading 0 native plugins for Editor in 0.00 ms.
Mono: successfully reloaded assembly
- Completed reload, in  1.036 seconds
Domain Reload Profiling:
	ReloadAssembly (1036ms)
		BeginReloadAssembly (186ms)
			ExecutionOrderSort (0ms)
			DisableScriptedObjects (5ms)
			BackupInstance (0ms)
			ReleaseScriptingObjects (0ms)
			CreateAndSetChildDomain (124ms)
		EndReloadAssembly (764ms)
			LoadAssemblies (55ms)
			RebuildTransferFunctionScriptingTraits (0ms)
			SetupTypeCache (195ms)
			ReleaseScriptCaches (1ms)
			RebuildScriptCaches (48ms)
			SetupLoadedEditorAssemblies (420ms)
				LogAssemblyErrors (0ms)
				InitializePlatformSupportModulesInManaged (18ms)
				SetLoadedEditorAssemblies (0ms)
				RefreshPlugins (97ms)
				BeforeProcessingInitializeOnLoad (79ms)
				ProcessInitializeOnLoadAttributes (190ms)
				ProcessInitializeOnLoadMethodAttributes (34ms)
				AfterProcessingInitializeOnLoad (2ms)
				EditorAssembliesLoaded (0ms)
			ExecutionOrderSort2 (0ms)
			AwakeInstancesAfterBackupRestoration (4ms)
Platform modules already initialized, skipping
========================================================================
Worker process is ready to serve import requests
Launched and connected shader compiler UnityShaderCompiler.exe after 0.02 seconds
Refreshing native plugins compatible for Editor in 1.04 ms, found 4 plugins.
Preloading 0 native plugins for Editor in 0.00 ms.
Unloading 4112 Unused Serialized files (Serialized files now loaded: 0)
Unloading 43 unused Assets / (198.5 KB). Loaded Objects now: 4574.
Memory consumption went from 155.6 MB to 155.4 MB.
Total: 3.223700 ms (FindLiveObjects: 0.311000 ms CreateObjectMapping: 0.228700 ms MarkObjects: 2.550700 ms  DeleteObjects: 0.132000 ms)

AssetImportParameters requested are different than current active one (requested -> active):
  custom:video-decoder-ogg-theora: a1e56fd34408186e4bbccfd4996cb3dc -> 
  custom:container-muxer-webm: aa71ff27fc2769a1b78a27578f13a17b -> 
  custom:container-demuxer-webm: 4f35f7cbe854078d1ac9338744f61a02 -> 
  custom:video-encoder-webm-vp8: eb34c28f22e8b96e1ab97ce403110664 -> 
  custom:audio-encoder-webm-vorbis: bf7c407c2cedff20999df2af8eb42d56 -> 
  custom:framework-win-MediaFoundation: 216162199b28c13a410421893ffa2e32 -> 
  custom:container-demuxer-ogg: 62fdf1f143b41e24485cea50d1cbac27 -> 
  custom:video-decoder-webm-vp8: 9c59270c3fd7afecdb556c50c9e8de78 -> 
  custom:audio-decoder-ogg-vorbis: bf7c407c2cedff20999df2af8eb42d56 -> 
========================================================================
Received Import Request.
  Time since last request: 8326.158002 seconds.
  path: Assets/Prefabs/DrawCharacter.prefab
  artifactKey: Guid(50936cccdb69523458c1b42052ebafff) Importer(815301076,1909f56bfc062723c751e8b465ee728b)
Start importing Assets/Prefabs/DrawCharacter.prefab using Guid(50936cccdb69523458c1b42052ebafff) Importer(815301076,1909f56bfc062723c751e8b465ee728b)  -> (artifact id: 'fcf3d54d6e4ea2938e5bc1ebbf292d69') in 0.246747 seconds 
========================================================================
Received Prepare
Registering precompiled user dll's ...
Registered in 0.002336 seconds.
Begin MonoManager ReloadAssembly
Symbol file LoadedFromMemory doesn't match image D:\Users\zer0deck\Documents\Work\Unity\BalderDash_Unity\Library\PackageCache\com.unity.visualscripting@1.7.8\Editor\VisualScripting.Core\Dependencies\YamlDotNet\Unity.VisualScripting.YamlDotNet.dll
Symbol file LoadedFromMemory doesn't match image D:\Users\zer0deck\Documents\Work\Unity\BalderDash_Unity\Library\PackageCache\com.unity.visualscripting@1.7.8\Editor\VisualScripting.Core\Dependencies\DotNetZip\Unity.VisualScripting.IonicZip.dll
Native extension for WindowsStandalone target not found
Native extension for AppleTV target not found
Native extension for iOS target not found
Native extension for Android target not found
Native extension for WebGL target not found
Refreshing native plugins compatible for Editor in 1.05 ms, found 4 plugins.
Preloading 0 native plugins for Editor in 0.00 ms.
Mono: successfully reloaded assembly
- Completed reload, in  0.769 seconds
Domain Reload Profiling:
	ReloadAssembly (770ms)
		BeginReloadAssembly (106ms)
			ExecutionOrderSort (0ms)
			DisableScriptedObjects (6ms)
			BackupInstance (0ms)
			ReleaseScriptingObjects (0ms)
			CreateAndSetChildDomain (39ms)
		EndReloadAssembly (590ms)
			LoadAssemblies (61ms)
			RebuildTransferFunctionScriptingTraits (0ms)
			SetupTypeCache (192ms)
			ReleaseScriptCaches (2ms)
			RebuildScriptCaches (36ms)
			SetupLoadedEditorAssemblies (260ms)
				LogAssemblyErrors (0ms)
				InitializePlatformSupportModulesInManaged (23ms)
				SetLoadedEditorAssemblies (0ms)
				RefreshPlugins (1ms)
				BeforeProcessingInitializeOnLoad (52ms)
				ProcessInitializeOnLoadAttributes (150ms)
				ProcessInitializeOnLoadMethodAttributes (31ms)
				AfterProcessingInitializeOnLoad (2ms)
				EditorAssembliesLoaded (0ms)
			ExecutionOrderSort2 (0ms)
			AwakeInstancesAfterBackupRestoration (6ms)
Platform modules already initialized, skipping
Refreshing native plugins compatible for Editor in 2.48 ms, found 4 plugins.
Preloading 0 native plugins for Editor in 0.00 ms.
Unloading 4094 Unused Serialized files (Serialized files now loaded: 0)
Unloading 33 unused Assets / (191.6 KB). Loaded Objects now: 4584.
Memory consumption went from 158.6 MB to 158.4 MB.
Total: 3.532300 ms (FindLiveObjects: 0.267800 ms CreateObjectMapping: 0.207000 ms MarkObjects: 2.846600 ms  DeleteObjects: 0.209800 ms)

AssetImportParameters requested are different than current active one (requested -> active):
  custom:video-decoder-ogg-theora: a1e56fd34408186e4bbccfd4996cb3dc -> 
  custom:container-muxer-webm: aa71ff27fc2769a1b78a27578f13a17b -> 
  custom:container-demuxer-webm: 4f35f7cbe854078d1ac9338744f61a02 -> 
  custom:video-encoder-webm-vp8: eb34c28f22e8b96e1ab97ce403110664 -> 
  custom:audio-encoder-webm-vorbis: bf7c407c2cedff20999df2af8eb42d56 -> 
  custom:framework-win-MediaFoundation: 216162199b28c13a410421893ffa2e32 -> 
  custom:container-demuxer-ogg: 62fdf1f143b41e24485cea50d1cbac27 -> 
  custom:video-decoder-webm-vp8: 9c59270c3fd7afecdb556c50c9e8de78 -> 
  custom:audio-decoder-ogg-vorbis: bf7c407c2cedff20999df2af8eb42d56 -> 
========================================================================
Received Import Request.
  Time since last request: 18.232363 seconds.
  path: Assets/Prefabs/UI.prefab
  artifactKey: Guid(3c386e3da62bafe43b19a7e31ac83194) Importer(815301076,1909f56bfc062723c751e8b465ee728b)
Start importing Assets/Prefabs/UI.prefab using Guid(3c386e3da62bafe43b19a7e31ac83194) Importer(815301076,1909f56bfc062723c751e8b465ee728b)  -> (artifact id: '7d94efdf872b223dfb5b3bbff20679f3') in 0.034897 seconds 
========================================================================
Received Import Request.
  Time since last request: 7.786434 seconds.
  path: Assets/Prefabs/UI.prefab
  artifactKey: Guid(3c386e3da62bafe43b19a7e31ac83194) Importer(815301076,1909f56bfc062723c751e8b465ee728b)
Start importing Assets/Prefabs/UI.prefab using Guid(3c386e3da62bafe43b19a7e31ac83194) Importer(815301076,1909f56bfc062723c751e8b465ee728b)  -> (artifact id: '075ff71b529404b996686c4e6ddc7154') in 0.006980 seconds 
========================================================================
Received Import Request.
  Time since last request: 5.802089 seconds.
  path: Assets/Prefabs/UI.prefab
  artifactKey: Guid(3c386e3da62bafe43b19a7e31ac83194) Importer(815301076,1909f56bfc062723c751e8b465ee728b)
Start importing Assets/Prefabs/UI.prefab using Guid(3c386e3da62bafe43b19a7e31ac83194) Importer(815301076,1909f56bfc062723c751e8b465ee728b)  -> (artifact id: '584f99195c063fad2217421df8262eae') in 0.006515 seconds 
========================================================================
Received Import Request.
  Time since last request: 16.723117 seconds.
  path: Assets/Prefabs/UI.prefab
  artifactKey: Guid(3c386e3da62bafe43b19a7e31ac83194) Importer(815301076,1909f56bfc062723c751e8b465ee728b)
Start importing Assets/Prefabs/UI.prefab using Guid(3c386e3da62bafe43b19a7e31ac83194) Importer(815301076,1909f56bfc062723c751e8b465ee728b)  -> (artifact id: '2e0f7ec5ee2faf6960e265fa5afc2c04') in 0.007862 seconds 
========================================================================
Received Import Request.
  Time since last request: 10.658420 seconds.
  path: Assets/Prefabs/UI.prefab
  artifactKey: Guid(3c386e3da62bafe43b19a7e31ac83194) Importer(815301076,1909f56bfc062723c751e8b465ee728b)
Start importing Assets/Prefabs/UI.prefab using Guid(3c386e3da62bafe43b19a7e31ac83194) Importer(815301076,1909f56bfc062723c751e8b465ee728b)  -> (artifact id: '7871806f51e4f264d71322e5e937b1e6') in 0.007875 seconds 
========================================================================
Received Import Request.
  Time since last request: 3.003509 seconds.
  path: Assets/Prefabs/UI.prefab
  artifactKey: Guid(3c386e3da62bafe43b19a7e31ac83194) Importer(815301076,1909f56bfc062723c751e8b465ee728b)
Start importing Assets/Prefabs/UI.prefab using Guid(3c386e3da62bafe43b19a7e31ac83194) Importer(815301076,1909f56bfc062723c751e8b465ee728b)  -> (artifact id: 'fc344e79b708203ae6e778783b513b19') in 0.007313 seconds 
========================================================================
Received Import Request.
  Time since last request: 2.405102 seconds.
  path: Assets/Prefabs/UI.prefab
  artifactKey: Guid(3c386e3da62bafe43b19a7e31ac83194) Importer(815301076,1909f56bfc062723c751e8b465ee728b)
Start importing Assets/Prefabs/UI.prefab using Guid(3c386e3da62bafe43b19a7e31ac83194) Importer(815301076,1909f56bfc062723c751e8b465ee728b)  -> (artifact id: '5936b47396b55c459c206b1035eae601') in 0.007155 seconds 
========================================================================
Received Import Request.
  Time since last request: 3.025941 seconds.
  path: Assets/Prefabs/UI.prefab
  artifactKey: Guid(3c386e3da62bafe43b19a7e31ac83194) Importer(815301076,1909f56bfc062723c751e8b465ee728b)
Start importing Assets/Prefabs/UI.prefab using Guid(3c386e3da62bafe43b19a7e31ac83194) Importer(815301076,1909f56bfc062723c751e8b465ee728b)  -> (artifact id: 'd64b709218e737147327fb68f5b6686f') in 0.006971 seconds 
========================================================================
Received Import Request.
  Time since last request: 104.941311 seconds.
  path: Assets/Prefabs/UI.prefab
  artifactKey: Guid(3c386e3da62bafe43b19a7e31ac83194) Importer(815301076,1909f56bfc062723c751e8b465ee728b)
Start importing Assets/Prefabs/UI.prefab using Guid(3c386e3da62bafe43b19a7e31ac83194) Importer(815301076,1909f56bfc062723c751e8b465ee728b)  -> (artifact id: '662f05cef063bc1b9990c800e91f5820') in 0.007220 seconds 
========================================================================
Received Import Request.
  Time since last request: 3.591160 seconds.
  path: Assets/Prefabs/UI.prefab
  artifactKey: Guid(3c386e3da62bafe43b19a7e31ac83194) Importer(815301076,1909f56bfc062723c751e8b465ee728b)
Start importing Assets/Prefabs/UI.prefab using Guid(3c386e3da62bafe43b19a7e31ac83194) Importer(815301076,1909f56bfc062723c751e8b465ee728b)  -> (artifact id: 'a6e6afb7b41f799ee448d80364052363') in 0.007149 seconds 
========================================================================
Received Import Request.
  Time since last request: 29.105738 seconds.
  path: Assets/Figures/UI/Sprites/Settings/Slider Bar
  artifactKey: Guid(807528ca31c2e3241a262b2097ac5a91) Importer(815301076,1909f56bfc062723c751e8b465ee728b)
Start importing Assets/Figures/UI/Sprites/Settings/Slider Bar using Guid(807528ca31c2e3241a262b2097ac5a91) Importer(815301076,1909f56bfc062723c751e8b465ee728b)  -> (artifact id: '4dac8e319dc708f8c0965a761569de25') in 0.000821 seconds 
========================================================================
Received Import Request.
  Time since last request: 0.063655 seconds.
  path: Assets/Figures/UI/Sprites/Settings/Slider Bar/loading_bar_bg.png
  artifactKey: Guid(767475e73ea88084eb7e658e77a3d42f) Importer(815301076,1909f56bfc062723c751e8b465ee728b)
Start importing Assets/Figures/UI/Sprites/Settings/Slider Bar/loading_bar_bg.png using Guid(767475e73ea88084eb7e658e77a3d42f) Importer(815301076,1909f56bfc062723c751e8b465ee728b)  -> (artifact id: 'f2c788c239076475648efd83147aa47a') in 0.049539 seconds 
========================================================================
Received Import Request.
  Time since last request: 0.000024 seconds.
  path: Assets/Figures/UI/Sprites/Settings/Slider Bar/settings_slider_yellow.png
  artifactKey: Guid(473d9b8fc0314f848851f7f1b8d2c616) Importer(815301076,1909f56bfc062723c751e8b465ee728b)
Start importing Assets/Figures/UI/Sprites/Settings/Slider Bar/settings_slider_yellow.png using Guid(473d9b8fc0314f848851f7f1b8d2c616) Importer(815301076,1909f56bfc062723c751e8b465ee728b)  -> (artifact id: 'af7ac2a70e02cb10ffab371da437c3b2') in 0.017536 seconds 
========================================================================
Received Import Request.
  Time since last request: 0.000021 seconds.
  path: Assets/Figures/UI/Sprites/Settings/Slider Bar/settings_slider_block.png
  artifactKey: Guid(387bfa7e5440fce4d8bfe17f0723f932) Importer(815301076,1909f56bfc062723c751e8b465ee728b)
Start importing Assets/Figures/UI/Sprites/Settings/Slider Bar/settings_slider_block.png using Guid(387bfa7e5440fce4d8bfe17f0723f932) Importer(815301076,1909f56bfc062723c751e8b465ee728b)  -> (artifact id: '880dc500aea78fc3eb82f856beb0c3e8') in 0.013813 seconds 
========================================================================
Received Import Request.
  Time since last request: 0.000019 seconds.
  path: Assets/Figures/UI/Sprites/Settings/Slider Bar/loading_bar_frame.png
  artifactKey: Guid(e77d9814723a0944d9ec675588012120) Importer(815301076,1909f56bfc062723c751e8b465ee728b)
Start importing Assets/Figures/UI/Sprites/Settings/Slider Bar/loading_bar_frame.png using Guid(e77d9814723a0944d9ec675588012120) Importer(815301076,1909f56bfc062723c751e8b465ee728b)  -> (artifact id: '2c77998935e9ae2e9b427133951c61fe') in 0.019430 seconds 
========================================================================
Received Import Request.
  Time since last request: 0.000022 seconds.
  path: Assets/Figures/UI/Sprites/Settings/Slider Bar/settings_slider_blue.png
  artifactKey: Guid(a469b04638f90df4a9f2e1499b4cc9d5) Importer(815301076,1909f56bfc062723c751e8b465ee728b)
Start importing Assets/Figures/UI/Sprites/Settings/Slider Bar/settings_slider_blue.png using Guid(a469b04638f90df4a9f2e1499b4cc9d5) Importer(815301076,1909f56bfc062723c751e8b465ee728b)  -> (artifact id: '39f9b5d9450cb0698f40aca972085fc2') in 0.017376 seconds 
========================================================================
Received Import Request.
  Time since last request: 0.000021 seconds.
  path: Assets/Figures/UI/Sprites/Settings/Slider Bar/settings_slider_fill.png
  artifactKey: Guid(cb37b31f2f112ac4c86095225874e0c4) Importer(815301076,1909f56bfc062723c751e8b465ee728b)
Start importing Assets/Figures/UI/Sprites/Settings/Slider Bar/settings_slider_fill.png using Guid(cb37b31f2f112ac4c86095225874e0c4) Importer(815301076,1909f56bfc062723c751e8b465ee728b)  -> (artifact id: '7c532f190abae34ffbcdbb4c9b3e381b') in 0.017120 seconds 
========================================================================
Received Import Request.
  Time since last request: 2.732930 seconds.
  path: Assets/Figures/UI/Sprites/Settings/Switch
  artifactKey: Guid(34e79a90294fc6042b579cf9febc31d7) Importer(815301076,1909f56bfc062723c751e8b465ee728b)
Start importing Assets/Figures/UI/Sprites/Settings/Switch using Guid(34e79a90294fc6042b579cf9febc31d7) Importer(815301076,1909f56bfc062723c751e8b465ee728b)  -> (artifact id: 'ed122db696e5ac01c7d47ba9ba3d6838') in 0.001035 seconds 
========================================================================
Received Import Request.
  Time since last request: 0.056307 seconds.
  path: Assets/Figures/UI/Sprites/Settings/Switch/checkbox_on.png
  artifactKey: Guid(d5de41e695a0a774f9711a6ca1704a33) Importer(815301076,1909f56bfc062723c751e8b465ee728b)
Start importing Assets/Figures/UI/Sprites/Settings/Switch/checkbox_on.png using Guid(d5de41e695a0a774f9711a6ca1704a33) Importer(815301076,1909f56bfc062723c751e8b465ee728b)  -> (artifact id: 'b33f624c0c46fcbbd526b3e1a8d0ad9c') in 0.012174 seconds 
========================================================================
Received Import Request.
  Time since last request: 0.000036 seconds.
  path: Assets/Figures/UI/Sprites/Settings/Switch/toggle_square_on.png
  artifactKey: Guid(935de15b6030f504cac18483c05daa46) Importer(815301076,1909f56bfc062723c751e8b465ee728b)
Start importing Assets/Figures/UI/Sprites/Settings/Switch/toggle_square_on.png using Guid(935de15b6030f504cac18483c05daa46) Importer(815301076,1909f56bfc062723c751e8b465ee728b)  -> (artifact id: '4bf8ecc8409bd595ff0d35e355e38760') in 0.011942 seconds 
========================================================================
Received Import Request.
  Time since last request: 0.000024 seconds.
  path: Assets/Figures/UI/Sprites/Settings/Switch/toggle_circle_on.png
  artifactKey: Guid(aadc0486c82e28d44ae6b431b4766940) Importer(815301076,1909f56bfc062723c751e8b465ee728b)
Start importing Assets/Figures/UI/Sprites/Settings/Switch/toggle_circle_on.png using Guid(aadc0486c82e28d44ae6b431b4766940) Importer(815301076,1909f56bfc062723c751e8b465ee728b)  -> (artifact id: 'e15f95526b70ae58a0cc3ba497ed378e') in 0.015222 seconds 
========================================================================
Received Import Request.
  Time since last request: 0.000025 seconds.
  path: Assets/Figures/UI/Sprites/Settings/Switch/switch_on.png
  artifactKey: Guid(e44b71ff73d386044aaf4a816eb08867) Importer(815301076,1909f56bfc062723c751e8b465ee728b)
Start importing Assets/Figures/UI/Sprites/Settings/Switch/switch_on.png using Guid(e44b71ff73d386044aaf4a816eb08867) Importer(815301076,1909f56bfc062723c751e8b465ee728b)  -> (artifact id: '2ea61c18154c47eea4b1339e510a6d3a') in 0.014587 seconds 
Editor requested this worker to shutdown with reason: Scaling down because of idle timeout
AssetImportWorker is now disconnected from the server
Process exiting
Exiting without the bug reporter. Application will terminate with return code 0